# JRE version: Java(TM) SE Runtime Environment (8.0_171-b11) (build 1.8.0_171-b11)
# Java VM: Java HotSpot(TM) 64-Bit Server VM (25.171-b11 mixed mode windows-amd64 compressed oops)
Heap:
 PSYoungGen      total 259584K, used 217174K [0x00000000e0000000, 0x00000000f7e00000, 0x0000000100000000)
  eden space 182272K, 81% used [0x00000000e0000000,0x00000000e908c520,0x00000000eb200000)
  from space 77312K, 89% used [0x00000000eb200000,0x00000000ef5894c8,0x00000000efd80000)
  to   space 88064K, 0% used [0x00000000f2800000,0x00000000f2800000,0x00000000f7e00000)
 ParOldGen       total 247808K, used 194014K [0x00000000a0000000, 0x00000000af200000, 0x00000000e0000000)
  object space 247808K, 78% used [0x00000000a0000000,0x00000000abd77ad8,0x00000000af200000)
 Metaspace       used 103070K, capacity 108178K, committed 108288K, reserved 1142784K
  class space    used 13482K, capacity 14574K, committed 14592K, reserved 1048576K
GC Heap History (10 events):
Event: 149.840 GC heap before
{Heap before GC invocations=29 (full 4):
 PSYoungGen      total 198656K, used 198646K [0x00000000e0000000, 0x00000000f0500000, 0x0000000100000000)
  eden space 152576K, 100% used [0x00000000e0000000,0x00000000e9500000,0x00000000e9500000)
  from space 46080K, 99% used [0x00000000ec900000,0x00000000ef5fd9a0,0x00000000ef600000)
  to   space 53248K, 0% used [0x00000000e9500000,0x00000000e9500000,0x00000000ec900000)
 ParOldGen       total 247808K, used 121585K [0x00000000a0000000, 0x00000000af200000, 0x00000000e0000000)
  object space 247808K, 49% used [0x00000000a0000000,0x00000000a76bc610,0x00000000af200000)
 Metaspace       used 101647K, capacity 106546K, committed 106624K, reserved 1140736K
  class space    used 13374K, capacity 14436K, committed 14464K, reserved 1048576K
Event: 149.876 GC heap after
Heap after GC invocations=29 (full 4):
 PSYoungGen      total 205824K, used 5217K [0x00000000e0000000, 0x00000000f1200000, 0x0000000100000000)
  eden space 152576K, 0% used [0x00000000e0000000,0x00000000e0000000,0x00000000e9500000)
  from space 53248K, 9% used [0x00000000e9500000,0x00000000e9a18710,0x00000000ec900000)
  to   space 53248K, 0% used [0x00000000ede00000,0x00000000ede00000,0x00000000f1200000)
 ParOldGen       total 247808K, used 158453K [0x00000000a0000000, 0x00000000af200000, 0x00000000e0000000)
  object space 247808K, 63% used [0x00000000a0000000,0x00000000a9abd7f8,0x00000000af200000)
 Metaspace       used 101647K, capacity 106546K, committed 106624K, reserved 1140736K
  class space    used 13374K, capacity 14436K, committed 14464K, reserved 1048576K
}
Event: 150.215 GC heap before
{Heap before GC invocations=30 (full 4):
 PSYoungGen      total 205824K, used 157793K [0x00000000e0000000, 0x00000000f1200000, 0x0000000100000000)
  eden space 152576K, 100% used [0x00000000e0000000,0x00000000e9500000,0x00000000e9500000)
  from space 53248K, 9% used [0x00000000e9500000,0x00000000e9a18710,0x00000000ec900000)
  to   space 53248K, 0% used [0x00000000ede00000,0x00000000ede00000,0x00000000f1200000)
 ParOldGen       total 247808K, used 158453K [0x00000000a0000000, 0x00000000af200000, 0x00000000e0000000)
  object space 247808K, 63% used [0x00000000a0000000,0x00000000a9abd7f8,0x00000000af200000)
 Metaspace       used 101950K, capacity 106926K, committed 107264K, reserved 1142784K
  class space    used 13390K, capacity 14470K, committed 14592K, reserved 1048576K
Event: 150.221 GC heap after
Heap after GC invocations=30 (full 4):
 PSYoungGen      total 225280K, used 5084K [0x00000000e0000000, 0x00000000f1080000, 0x0000000100000000)
  eden space 173568K, 0% used [0x00000000e0000000,0x00000000e0000000,0x00000000ea980000)
  from space 51712K, 9% used [0x00000000ede00000,0x00000000ee2f7080,0x00000000f1080000)
  to   space 52736K, 0% used [0x00000000ea980000,0x00000000ea980000,0x00000000edd00000)
 ParOldGen       total 247808K, used 158461K [0x00000000a0000000, 0x00000000af200000, 0x00000000e0000000)
  object space 247808K, 63% used [0x00000000a0000000,0x00000000a9abf7f8,0x00000000af200000)
 Metaspace       used 101950K, capacity 106926K, committed 107264K, reserved 1142784K
  class space    used 13390K, capacity 14470K, committed 14592K, reserved 1048576K
}
Event: 150.883 GC heap before
{Heap before GC invocations=31 (full 4):
 PSYoungGen      total 225280K, used 178652K [0x00000000e0000000, 0x00000000f1080000, 0x0000000100000000)
  eden space 173568K, 100% used [0x00000000e0000000,0x00000000ea980000,0x00000000ea980000)
  from space 51712K, 9% used [0x00000000ede00000,0x00000000ee2f7080,0x00000000f1080000)
  to   space 52736K, 0% used [0x00000000ea980000,0x00000000ea980000,0x00000000edd00000)
 ParOldGen       total 247808K, used 158461K [0x00000000a0000000, 0x00000000af200000, 0x00000000e0000000)
  object space 247808K, 63% used [0x00000000a0000000,0x00000000a9abf7f8,0x00000000af200000)
 Metaspace       used 102715K, capacity 107786K, committed 108032K, reserved 1142784K
  class space    used 13474K, capacity 14566K, committed 14592K, reserved 1048576K
Event: 150.915 GC heap after
Heap after GC invocations=31 (full 4):
 PSYoungGen      total 226304K, used 44823K [0x00000000e0000000, 0x00000000f3700000, 0x0000000100000000)
  eden space 173568K, 0% used [0x00000000e0000000,0x00000000e0000000,0x00000000ea980000)
  from space 52736K, 84% used [0x00000000ea980000,0x00000000ed545d98,0x00000000edd00000)
  to   space 58880K, 0% used [0x00000000efd80000,0x00000000efd80000,0x00000000f3700000)
 ParOldGen       total 247808K, used 158469K [0x00000000a0000000, 0x00000000af200000, 0x00000000e0000000)
  object space 247808K, 63% used [0x00000000a0000000,0x00000000a9ac17f8,0x00000000af200000)
 Metaspace       used 102715K, capacity 107786K, committed 108032K, reserved 1142784K
  class space    used 13474K, capacity 14566K, committed 14592K, reserved 1048576K
}
Event: 152.438 GC heap before
{Heap before GC invocations=32 (full 4):
 PSYoungGen      total 226304K, used 218391K [0x00000000e0000000, 0x00000000f3700000, 0x0000000100000000)
  eden space 173568K, 100% used [0x00000000e0000000,0x00000000ea980000,0x00000000ea980000)
  from space 52736K, 84% used [0x00000000ea980000,0x00000000ed545d98,0x00000000edd00000)
  to   space 58880K, 0% used [0x00000000efd80000,0x00000000efd80000,0x00000000f3700000)
 ParOldGen       total 247808K, used 158469K [0x00000000a0000000, 0x00000000af200000, 0x00000000e0000000)
  object space 247808K, 63% used [0x00000000a0000000,0x00000000a9ac17f8,0x00000000af200000)
 Metaspace       used 102907K, capacity 107950K, committed 108032K, reserved 1142784K
  class space    used 13474K, capacity 14566K, committed 14592K, reserved 1048576K
Event: 152.494 GC heap after
Heap after GC invocations=32 (full 4):
 PSYoungGen      total 241152K, used 58856K [0x00000000e0000000, 0x00000000f5c00000, 0x0000000100000000)
  eden space 182272K, 0% used [0x00000000e0000000,0x00000000e0000000,0x00000000eb200000)
  from space 58880K, 99% used [0x00000000efd80000,0x00000000f36fa2a8,0x00000000f3700000)
  to   space 77312K, 0% used [0x00000000eb200000,0x00000000eb200000,0x00000000efd80000)
 ParOldGen       total 247808K, used 181362K [0x00000000a0000000, 0x00000000af200000, 0x00000000e0000000)
  object space 247808K, 73% used [0x00000000a0000000,0x00000000ab11cb78,0x00000000af200000)
 Metaspace       used 102907K, capacity 107950K, committed 108032K, reserved 1142784K
  class space    used 13474K, capacity 14566K, committed 14592K, reserved 1048576K
}
Event: 153.786 GC heap before
{Heap before GC invocations=33 (full 4):
 PSYoungGen      total 241152K, used 241104K [0x00000000e0000000, 0x00000000f5c00000, 0x0000000100000000)
  eden space 182272K, 99% used [0x00000000e0000000,0x00000000eb1f9ef8,0x00000000eb200000)
  from space 58880K, 99% used [0x00000000efd80000,0x00000000f36fa2a8,0x00000000f3700000)
  to   space 77312K, 0% used [0x00000000eb200000,0x00000000eb200000,0x00000000efd80000)
 ParOldGen       total 247808K, used 181362K [0x00000000a0000000, 0x00000000af200000, 0x00000000e0000000)
  object space 247808K, 73% used [0x00000000a0000000,0x00000000ab11cb78,0x00000000af200000)
 Metaspace       used 103055K, capacity 108114K, committed 108288K, reserved 1142784K
  class space    used 13482K, capacity 14574K, committed 14592K, reserved 1048576K
Event: 153.864 GC heap after
Heap after GC invocations=33 (full 4):
 PSYoungGen      total 259584K, used 69157K [0x00000000e0000000, 0x00000000f7e00000, 0x0000000100000000)
  eden space 182272K, 0% used [0x00000000e0000000,0x00000000e0000000,0x00000000eb200000)
  from space 77312K, 89% used [0x00000000eb200000,0x00000000ef5894c8,0x00000000efd80000)
  to   space 88064K, 0% used [0x00000000f2800000,0x00000000f2800000,0x00000000f7e00000)
 ParOldGen       total 247808K, used 194014K [0x00000000a0000000, 0x00000000af200000, 0x00000000e0000000)
  object space 247808K, 78% used [0x00000000a0000000,0x00000000abd77ad8,0x00000000af200000)
 Metaspace       used 103055K, capacity 108114K, committed 108288K, reserved 1142784K
  class space    used 13482K, capacity 14574K, committed 14592K, reserved 1048576K
}

